<?xml version="1.0" encoding="UTF-8"?>
<!-- Generated by org.testng.reporters.JUnitReportReporter -->
<testsuite hostname="DESKTOP-64U6NDI" failures="0" tests="3" name="com.crm.qa.testcases.HomePageTest" time="60.099" errors="0" timestamp="13 Aug. 2019 10:11:36 GMT" skipped="0">
  <testcase classname="com.crm.qa.testcases.HomePageTest" name="verifyHomePageTitleTest" time="17.546"/>
  <testcase classname="com.crm.qa.testcases.HomePageTest" name="verifyUserNameTest" time="23.561"/>
  <testcase classname="com.crm.qa.testcases.HomePageTest" name="verfigyContactsListTest" time="18.992"/>
</testsuite> <!-- com.crm.qa.testcases.HomePageTest -->
