<?xml version="1.0" encoding="UTF-8"?>
<!-- Generated by org.testng.reporters.JUnitReportReporter -->
<testsuite hostname="DESKTOP-64U6NDI" failures="0" tests="3" name="com.crm.qa.testcases.LoginPageTest" time="42.482" errors="0" timestamp="14 Aug. 2019 02:07:12 GMT" skipped="0">
  <testcase classname="com.crm.qa.testcases.LoginPageTest" name="loginPageTiltleTest" time="8.479"/>
  <testcase classname="com.crm.qa.testcases.LoginPageTest" name="crmLogoImageTest" time="9.903"/>
  <testcase classname="com.crm.qa.testcases.LoginPageTest" name="loginTest" time="24.100"/>
</testsuite> <!-- com.crm.qa.testcases.LoginPageTest -->
