<?xml version="1.0" encoding="UTF-8"?>
<!-- Generated by org.testng.reporters.JUnitReportReporter -->
<testsuite hostname="DESKTOP-64U6NDI" failures="0" tests="3" name="com.crm.qa.testcases.HomePageTest" time="58.049" errors="0" timestamp="14 Aug. 2019 02:17:07 GMT" skipped="0">
  <testcase classname="com.crm.qa.testcases.HomePageTest" name="verifyHomePageTitleTest" time="18.170"/>
  <testcase classname="com.crm.qa.testcases.HomePageTest" name="verifyUserNameTest" time="19.315"/>
  <testcase classname="com.crm.qa.testcases.HomePageTest" name="verfigyContactsListTest" time="20.564"/>
</testsuite> <!-- com.crm.qa.testcases.HomePageTest -->
